accountsservice					install
accountsservice-ubuntu-schemas			install
acl						install
adduser						install
adwaita-icon-theme				install
alsa-base					install
alsa-topology-conf				install
alsa-ucm-conf					install
alsa-utils					install
anacron						install
apg						install
apparmor					install
apport						install
apport-core-dump-handler			install
apport-gtk					install
apport-symptoms					install
appstream					install
apt						install
apt-config-icons				install
apt-config-icons-hidpi				install
apt-utils					install
aptdaemon					install
aptdaemon-data					install
aspell						install
aspell-en					install
at-spi2-common					install
at-spi2-core					install
avahi-daemon					install
avahi-utils					install
bamfdaemon					install
baobab						install
base-files					install
base-passwd					install
bash						install
bash-completion					install
bc						install
bind9-dnsutils					install
bind9-host					install
bind9-libs:arm64				install
binutils					install
binutils-aarch64-linux-gnu			install
binutils-common:arm64				install
blt						install
bluez						install
bluez-cups					install
bluez-obexd					install
bolt						install
brltty						install
brz						install
bsdextrautils					install
bsdutils					install
btop						install
btrfs-progs					install
bubblewrap					install
build-essential					install
busybox-initramfs				install
busybox-static					install
bzip2						install
bzr						install
ca-certificates					install
cloud-guest-utils				install
cloud-init					install
cloud-initramfs-growroot			install
cmake						install
cmake-data					install
cmdtest						install
colcon						install
colord						install
colord-data					install
command-not-found				install
console-setup					install
console-setup-linux				install
containerd.io					install
coreutils					install
cpio						install
cpp						install
cpp-13						install
cpp-13-aarch64-linux-gnu			install
cpp-aarch64-linux-gnu				install
cracklib-runtime				install
cron						install
cron-daemon-common				install
cryptsetup-bin					install
cryptsetup-initramfs				deinstall
cups						install
cups-browsed					install
cups-bsd					install
cups-client					install
cups-common					install
cups-core-drivers				install
cups-daemon					install
cups-filters					install
cups-filters-core-drivers			install
cups-ipp-utils					install
cups-pk-helper					install
cups-ppdc					install
cups-server-common				install
curl						install
dash						install
dbus						install
dbus-bin					install
dbus-daemon					install
dbus-session-bus-common				install
dbus-system-bus-common				install
dbus-user-session				install
dbus-x11					install
dc						install
dconf-cli					install
dconf-gsettings-backend:arm64			install
dconf-service					install
dctrl-tools					deinstall
debconf						install
debconf-i18n					install
debianutils					install
deja-dup					install
deltarpm					install
desktop-base					install
desktop-file-utils				install
device-tree-compiler				install
devio						install
dhcpcd-base					install
dictionaries-common				install
diffutils					install
dirmngr						install
distro-info					install
distro-info-data				install
dmeventd					deinstall
dmidecode					install
dmraid						deinstall
dmsetup						install
dmz-cursor-theme				install
dnf						install
dnf-data					install
dns-root-data					install
dnsmasq-base					install
docbook-xml					install
docker-buildx-plugin				install
docker-ce					install
docker-ce-cli					install
docker-ce-rootless-extras			install
docker-compose-plugin				install
docutils-common					install
dosfstools					install
dpkg						install
dpkg-dev					install
dracut-install					install
duplicity					install
e2fsprogs					install
eatmydata					install
ed						install
eject						install
elementary-xfce-icon-theme			install
emacsen-common					install
enchant-2					install
eog						install
eslint						install
espeak-ng-data:arm64				install
ethtool						install
evince						install
evince-common					install
evolution-data-server				install
evolution-data-server-common			install
exo-utils					install
fakeroot					install
fdisk						install
file						install
file-roller					install
findutils					install
firefox						install
firmware-sof-signed				install
flash-kernel					install
fontconfig					install
fontconfig-config				install
fonts-dejavu-core				install
fonts-dejavu-mono				install
fonts-droid-fallback				install
fonts-freefont-ttf				install
fonts-liberation				install
fonts-liberation-sans-narrow			install
fonts-lyx					install
fonts-noto-cjk					install
fonts-noto-color-emoji				install
fonts-noto-core					install
fonts-noto-mono					install
fonts-opensymbol				install
fonts-quicksand					install
fonts-ubuntu					install
fonts-urw-base35				install
foomatic-db-compressed-ppds			install
fprintd						install
friendly-recovery				install
ftp						install
fuse3						install
fwupd						install
fwupd-signed					install
g++						install
g++-13						install
g++-13-aarch64-linux-gnu			install
g++-aarch64-linux-gnu				install
gamemode					install
gamemode-daemon					install
gcc						install
gcc-13						install
gcc-13-aarch64-linux-gnu			install
gcc-13-base:arm64				install
gcc-14-base:arm64				install
gcc-aarch64-linux-gnu				install
gcr						install
gcr4						install
gdb						install
gdisk						install
gdm3						install
geoclue-2.0					install
geocode-glib-common				install
gettext-base					install
ghostscript					install
gir1.2-accountsservice-1.0:arm64		install
gir1.2-adw-1:arm64				install
gir1.2-atk-1.0:arm64				install
gir1.2-atspi-2.0:arm64				install
gir1.2-freedesktop:arm64			install
gir1.2-gck-2:arm64				install
gir1.2-gcr-4:arm64				install
gir1.2-gdesktopenums-3.0:arm64			install
gir1.2-gdkpixbuf-2.0:arm64			install
gir1.2-gdm-1.0					install
gir1.2-geoclue-2.0:arm64			install
gir1.2-girepository-2.0:arm64			install
gir1.2-glib-2.0:arm64				install
gir1.2-gmenu-3.0:arm64				install
gir1.2-gnomeautoar-0.1:arm64			install
gir1.2-gnomebg-4.0:arm64			install
gir1.2-gnomebluetooth-3.0:arm64			install
gir1.2-gnomedesktop-3.0:arm64			install
gir1.2-gnomedesktop-4.0:arm64			install
gir1.2-graphene-1.0:arm64			install
gir1.2-gst-plugins-base-1.0:arm64		install
gir1.2-gstreamer-1.0:arm64			install
gir1.2-gtk-3.0:arm64				install
gir1.2-gtk-4.0:arm64				install
gir1.2-gweather-4.0:arm64			install
gir1.2-handy-1:arm64				install
gir1.2-harfbuzz-0.0:arm64			install
gir1.2-ibus-1.0:arm64				install
gir1.2-javascriptcoregtk-4.1:arm64		install
gir1.2-javascriptcoregtk-6.0:arm64		install
gir1.2-keybinder-3.0				install
gir1.2-mutter-14:arm64				install
gir1.2-nm-1.0:arm64				install
gir1.2-nma4-1.0:arm64				install
gir1.2-notify-0.7:arm64				install
gir1.2-packagekitglib-1.0			install
gir1.2-pango-1.0:arm64				install
gir1.2-peas-1.0:arm64				install
gir1.2-polkit-1.0				install
gir1.2-rb-3.0:arm64				install
gir1.2-rsvg-2.0:arm64				install
gir1.2-secret-1:arm64				install
gir1.2-snapd-2:arm64				install
gir1.2-soup-3.0:arm64				install
gir1.2-totem-1.0:arm64				install
gir1.2-totemplparser-1.0:arm64			install
gir1.2-upowerglib-1.0:arm64			install
gir1.2-vte-2.91:arm64				install
gir1.2-webkit-6.0:arm64				install
gir1.2-webkit2-4.1:arm64			install
gir1.2-wnck-3.0:arm64				install
git						install
git-man						install
gjs						install
gkbd-capplet					install
glib-networking:arm64				install
glib-networking-common				install
glib-networking-services			install
gnome-accessibility-themes			install
gnome-bluetooth					install
gnome-bluetooth-3-common			install
gnome-bluetooth-sendto				install
gnome-calculator				install
gnome-calendar					install
gnome-characters				install
gnome-clocks					install
gnome-control-center				install
gnome-control-center-data			install
gnome-control-center-faces			install
gnome-desktop3-data				install
gnome-disk-utility				install
gnome-font-viewer				install
gnome-initial-setup				install
gnome-keyring					install
gnome-keyring-pkcs11:arm64			install
gnome-logs					install
gnome-menus					install
gnome-online-accounts				install
gnome-power-manager				install
gnome-remote-desktop				install
gnome-screensaver				install
gnome-session-bin				install
gnome-session-canberra				install
gnome-session-common				install
gnome-settings-daemon				install
gnome-settings-daemon-common			install
gnome-shell					install
gnome-shell-common				install
gnome-shell-extension-appindicator		install
gnome-shell-extension-desktop-icons-ng		install
gnome-shell-extension-ubuntu-dock		install
gnome-shell-extension-ubuntu-tiling-assistant	install
gnome-snapshot					install
gnome-startup-applications			install
gnome-system-monitor				install
gnome-terminal					install
gnome-terminal-data				install
gnome-text-editor				install
gnome-themes-extra:arm64			install
gnome-themes-extra-data				install
gnome-user-docs					install
gnupg						install
gnupg-l10n					install
gnupg-utils					install
gpg						install
gpg-agent					install
gpg-wks-client					install
gpgconf						install
gpgsm						install
gpgv						install
grep						install
greybird-gtk-theme				install
grilo-plugins-0.3-base:arm64			install
groff-base					install
grub-common					deinstall
grub-efi-arm64					deinstall
grub-efi-arm64-bin				deinstall
grub2-common					deinstall
gsettings-desktop-schemas			install
gsettings-ubuntu-schemas			install
gstreamer1.0-alsa:arm64				install
gstreamer1.0-gl:arm64				install
gstreamer1.0-gtk3:arm64				install
gstreamer1.0-libcamera:arm64			install
gstreamer1.0-packagekit				install
gstreamer1.0-pipewire:arm64			install
gstreamer1.0-plugins-base:arm64			install
gstreamer1.0-plugins-base-apps			install
gstreamer1.0-plugins-good:arm64			install
gstreamer1.0-tools				install
gstreamer1.0-x:arm64				install
gtk-update-icon-cache				install
gtk2-engines-murrine:arm64			install
gtk2-engines-pixbuf:arm64			install
gvfs:arm64					install
gvfs-backends					install
gvfs-common					install
gvfs-daemons					install
gvfs-fuse					install
gvfs-libs:arm64					install
gyp						install
gzip						install
handlebars					install
hdparm						install
heif-gdk-pixbuf:arm64				install
heif-thumbnailer				install
hicolor-icon-theme				install
hostname					install
hplip						install
hplip-data					install
humanity-icon-theme				install
hunspell-en-us					install
ibus						install
ibus-data					install
ibus-gtk:arm64					install
ibus-gtk3:arm64					install
ibus-gtk4:arm64					install
ibus-table					install
ibverbs-providers:arm64				install
iio-sensor-proxy				install
im-config					install
indicator-applet				install
indicator-application				install
indicator-appmenu				install
indicator-bluetooth				install
indicator-common				install
indicator-datetime				install
indicator-keyboard				install
indicator-messages				install
indicator-power					install
indicator-printers				install
indicator-session				install
indicator-sound					install
inetutils-telnet				install
info						install
init						install
init-system-helpers				install
initramfs-tools					install
initramfs-tools-bin				install
initramfs-tools-core				install
inputattach					install
install-info					install
ipp-usb						install
iproute2					install
iptables					install
iputils-ping					install
iputils-tracepath				install
iso-codes					install
isympy-common					install
isympy3						install
javascript-common				install
jq						install
kbd						install
kerneloops					install
keyboard-configuration				install
keyboxd						install
klibc-utils					install
kmod						install
kpartx-boot					deinstall
krb5-locales					install
language-pack-en				install
language-pack-en-base				install
language-selector-common			install
language-selector-gnome				install
laptop-detect					install
ldap-utils					install
less						install
libaa1:arm64					install
libabsl20220623t64:arm64			install
libabw-0.1-1:arm64				install
libaccounts-glib0:arm64				install
libaccountsservice0:arm64			install
libacl1:arm64					install
libadwaita-1-0:arm64				install
libalgorithm-diff-perl				install
libalgorithm-diff-xs-perl:arm64			install
libalgorithm-merge-perl				install
libao-common					install
libao4:arm64					install
libaom3:arm64					install
libapparmor1:arm64				install
libappstream5:arm64				install
libapr1t64:arm64				install
libaprutil1t64:arm64				install
libapt-pkg6.0t64:arm64				install
libarchive13t64:arm64				install
libargon2-1:arm64				install
libasan8:arm64					install
libasound2-data					install
libasound2-plugins:arm64			install
libasound2t64:arm64				install
libaspell15:arm64				install
libassuan0:arm64				install
libasyncns0:arm64				install
libatasmart4:arm64				install
libatk-adaptor:arm64				install
libatk-bridge2.0-0t64:arm64			install
libatk1.0-0t64:arm64				install
libatkmm-1.6-1v5:arm64				install
libatm1t64:arm64				install
libatomic1:arm64				install
libatopology2t64:arm64				install
libatspi2.0-0t64:arm64				install
libattr1:arm64					install
libaudit-common					install
libaudit1:arm64					install
libauthen-sasl-perl				install
libavahi-client3:arm64				install
libavahi-common-data:arm64			install
libavahi-common3:arm64				install
libavahi-core7:arm64				install
libavahi-glib1:arm64				install
libavahi-ui-gtk3-0:arm64			install
libavc1394-0:arm64				install
libavcodec60:arm64				install
libavutil58:arm64				install
libayatana-appindicator3-1			install
libayatana-ido3-0.4-0:arm64			install
libayatana-indicator3-7:arm64			install
libbabeltrace1:arm64				install
libbamf3-2t64:arm64				install
libbasicobjects0t64:arm64			install
libbinutils:arm64				install
libblas3:arm64					install
libblkid1:arm64					install
libblockdev-crypto3:arm64			install
libblockdev-fs3:arm64				install
libblockdev-loop3:arm64				install
libblockdev-mdraid3:arm64			install
libblockdev-nvme3:arm64				install
libblockdev-part3:arm64				install
libblockdev-swap3:arm64				install
libblockdev-utils3:arm64			install
libblockdev3:arm64				install
libbluetooth3:arm64				install
libboost-iostreams1.83.0:arm64			install
libboost-locale1.83.0:arm64			install
libboost-thread1.83.0:arm64			install
libbpf1:arm64					install
libbrlapi0.8:arm64				install
libbrotli1:arm64				install
libbsd0:arm64					install
libburn4t64:arm64				install
libbytesize-common				install
libbytesize1:arm64				install
libbz2-1.0:arm64				install
libc-bin					install
libc-dev-bin					install
libc-devtools					install
libc6:arm64					install
libc6-dbg:arm64					install
libc6-dev:arm64					install
libcaca0:arm64					install
libcairo-gobject-perl				install
libcairo-gobject2:arm64				install
libcairo-perl					install
libcairo-script-interpreter2:arm64		install
libcairo2:arm64					install
libcairomm-1.0-1v5:arm64			install
libcairomm-1.16-1:arm64				install
libcamel-1.2-64t64:arm64			install
libcamera0.2:arm64				install
libcanberra-gtk3-0t64:arm64			install
libcanberra-gtk3-module:arm64			install
libcanberra-pulse:arm64				install
libcanberra0t64:arm64				install
libcap-ng0:arm64				install
libcap2:arm64					install
libcap2-bin					install
libcares2:arm64					install
libcbor0.10:arm64				install
libcc1-0:arm64					install
libcdio-cdda2t64:arm64				install
libcdio-paranoia2t64:arm64			install
libcdio19t64:arm64				install
libcdparanoia0:arm64				install
libcdr-0.1-1:arm64				install
libclone-perl:arm64				install
libclucene-contribs1t64:arm64			install
libclucene-core1t64:arm64			install
libcodec2-1.2:arm64				install
libcolamd3:arm64				install
libcollection4t64:arm64				install
libcolord-gtk4-1t64:arm64			install
libcolord2:arm64				install
libcolorhug2:arm64				install
libcom-err2:arm64				install
libcomps0:arm64					install
libcrack2:arm64					install
libcrypt-dev:arm64				install
libcrypt1:arm64					install
libcryptsetup12:arm64				install
libctf-nobfd0:arm64				install
libctf0:arm64					install
libcue2:arm64					install
libcups2t64:arm64				install
libcupsfilters2-common				install
libcupsfilters2t64:arm64			install
libcupsimage2t64:arm64				install
libcurl3t64-gnutls:arm64			install
libcurl4t64:arm64				install
libdaemon0:arm64				install
libdata-dump-perl				install
libdatrie1:arm64				install
libdav1d7:arm64					install
libdb5.3t64:arm64				install
libdbus-1-3:arm64				install
libdbus-glib-1-2:arm64				install
libdbusmenu-glib4:arm64				install
libdbusmenu-gtk3-4:arm64			install
libdconf1:arm64					install
libde265-0:arm64				install
libdebconfclient0:arm64				install
libdebuginfod-common				install
libdebuginfod1t64:arm64				install
libdecor-0-0:arm64				install
libdecor-0-plugin-1-gtk:arm64			install
libdee-1.0-4:arm64				install
libdeflate0:arm64				install
libdevmapper1.02.1:arm64			install
libdhash1t64:arm64				install
libdjvulibre-text				install
libdjvulibre21:arm64				install
libdmapsharing-4.0-3t64:arm64			install
libdnf2-common					install
libdnf2t64:arm64				install
libdotconf0:arm64				install
libdpkg-perl					install
libdrm-amdgpu1:arm64				install
libdrm-common					install
libdrm-nouveau2:arm64				install
libdrm-radeon1:arm64				install
libdrm2:arm64					install
libduktape207:arm64				install
libdv4t64:arm64					install
libdw1t64:arm64					install
libe-book-0.1-1:arm64				install
libeatmydata1:arm64				install
libebackend-1.2-11t64:arm64			install
libebook-1.2-21t64:arm64			install
libebook-contacts-1.2-4t64:arm64		install
libecal-2.0-3:arm64				install
libedata-book-1.2-27t64:arm64			install
libedata-cal-2.0-2t64:arm64			install
libedataserver-1.2-27t64:arm64			install
libedataserverui-1.2-4t64:arm64			install
libedataserverui4-1.0-0t64:arm64		install
libedit2:arm64					install
libeditorconfig0:arm64				install
libegl-mesa0:arm64				install
libegl1:arm64					install
libei1:arm64					install
libeis1:arm64					install
libelf1t64:arm64				install
libenchant-2-2:arm64				install
libencode-locale-perl				install
libeot0:arm64					install
libepoxy0:arm64					install
libepubgen-0.1-1:arm64				install
liberror-perl					install
libespeak-ng1:arm64				install
libestr0:arm64					install
libetonyek-0.1-1:arm64				install
libevdev2:arm64					install
libevdocument3-4t64:arm64			install
libevent-2.1-7t64:arm64				install
libevview3-3t64:arm64				install
libexempi8:arm64				install
libexif12:arm64					install
libexiv2-27:arm64				install
libexo-2-0:arm64				install
libexo-common					install
libexpat1:arm64					install
libexpat1-dev:arm64				install
libext2fs2t64:arm64				install
libexttextcat-2.0-0:arm64			install
libexttextcat-data				install
libextutils-depends-perl			install
libfakeroot:arm64				install
libfastjson4:arm64				install
libfcitx-config4:arm64				install
libfcitx-gclient1:arm64				install
libfcitx-utils0:arm64				install
libfdisk1:arm64					install
libfdt1:arm64					install
libffi8:arm64					install
libfftw3-single3:arm64				install
libfido2-1:arm64				install
libfile-basedir-perl				install
libfile-desktopentry-perl			install
libfile-fcntllock-perl				install
libfile-listing-perl				install
libfile-mimeinfo-perl				install
libfile-readbackwards-perl			install
libflac12t64:arm64				install
libflashrom1:arm64				install
libfluidsynth3:arm64				install
libfont-afm-perl				install
libfontconfig1:arm64				install
libfontenc1:arm64				install
libfprint-2-2					install
libfprint-2-tod1:arm64				install
libfreeaptx0:arm64				install
libfreehand-0.1-1				install
libfreerdp-client3-3:arm64			install
libfreerdp-server3-3:arm64			install
libfreerdp3-3:arm64				install
libfreetype6:arm64				install
libfribidi0:arm64				install
libfsverity0:arm64				install
libftdi1-2:arm64				install
libfuse2t64:arm64				install
libfuse3-3:arm64				install
libfwupd2:arm64					install
libgail-common:arm64				install
libgail18t64:arm64				install
libgamemode0:arm64				install
libgamemodeauto0:arm64				install
libgarcon-1-0:arm64				install
libgarcon-common				install
libgarcon-gtk3-1-0:arm64			install
libgbm1:arm64					install
libgcc-13-dev:arm64				install
libgcc-s1:arm64					install
libgck-1-0:arm64				install
libgck-2-2:arm64				install
libgcr-4-4:arm64				install
libgcr-base-3-1:arm64				install
libgcr-ui-3-1:arm64				install
libgcrypt20:arm64				install
libgd3:arm64					install
libgdata-common					install
libgdata22:arm64				install
libgdbm-compat4t64:arm64			install
libgdbm6t64:arm64				install
libgdk-pixbuf-2.0-0:arm64			install
libgdk-pixbuf2.0-bin				install
libgdk-pixbuf2.0-common				install
libgdm1						install
libgee-0.8-2:arm64				install
libgeoclue-2-0:arm64				install
libgeocode-glib-2-0:arm64			install
libgexiv2-2:arm64				install
libgfortran5:arm64				install
libgif7:arm64					install
libgirepository-1.0-1:arm64			install
libgjs0g:arm64					install
libgl1:arm64					install
libgl1-amber-dri:arm64				install
libgl1-mesa-dri:arm64				install
libglapi-mesa:arm64				install
libgles2:arm64					install
libglib-object-introspection-perl		install
libglib-perl:arm64				install
libglib2.0-0t64:arm64				install
libglib2.0-bin					install
libglib2.0-data					install
libglibmm-2.4-1t64:arm64			install
libglibmm-2.68-1t64:arm64			install
libglu1-mesa:arm64				install
libglvnd0:arm64					install
libglx-mesa0:arm64				install
libglx0:arm64					install
libgmp10:arm64					install
libgnome-autoar-0-0:arm64			install
libgnome-bg-4-2t64:arm64			install
libgnome-bluetooth-3.0-13:arm64			install
libgnome-bluetooth-ui-3.0-13:arm64		install
libgnome-desktop-3-20t64:arm64			install
libgnome-desktop-4-2t64:arm64			install
libgnome-menu-3-0:arm64				install
libgnome-panel3:arm64				install
libgnome-rr-4-2t64:arm64			install
libgnomekbd-common				install
libgnomekbd8:arm64				install
libgnutls30t64:arm64				install
libgoa-1.0-0b:arm64				install
libgoa-1.0-common				install
libgoa-backend-1.0-2:arm64			install
libgom-1.0-0t64:arm64				install
libgomp1:arm64					install
libgpg-error0:arm64				install
libgpgme11t64:arm64				install
libgpgmepp6t64:arm64				install
libgphoto2-6t64:arm64				install
libgphoto2-l10n					install
libgphoto2-port12t64:arm64			install
libgpm2:arm64					install
libgpod-common					install
libgpod4t64:arm64				install
libgprofng0:arm64				install
libgraphene-1.0-0:arm64				install
libgraphite2-3:arm64				install
libgrilo-0.3-0:arm64				install
libgs-common					install
libgs10:arm64					install
libgs10-common					install
libgsf-1-114:arm64				install
libgsf-1-common					install
libgsm1:arm64					install
libgsound0t64:arm64				install
libgspell-1-2:arm64				install
libgspell-1-common				install
libgssapi-krb5-2:arm64				install
libgssdp-1.6-0:arm64				install
libgstreamer-gl1.0-0:arm64			install
libgstreamer-plugins-base1.0-0:arm64		install
libgstreamer-plugins-good1.0-0:arm64		install
libgstreamer1.0-0:arm64				install
libgtk-3-0t64:arm64				install
libgtk-3-bin					install
libgtk-3-common					install
libgtk-4-1:arm64				install
libgtk-4-bin					install
libgtk-4-common					install
libgtk-4-media-gstreamer			install
libgtk-layer-shell0				install
libgtk2.0-0t64:arm64				install
libgtk2.0-bin					install
libgtk2.0-common				install
libgtk3-perl					install
libgtkmm-3.0-1t64:arm64				install
libgtkmm-4.0-0:arm64				install
libgtksourceview-4-0:arm64			install
libgtksourceview-4-common			install
libgtksourceview-5-0:arm64			install
libgtksourceview-5-common			install
libgtop-2.0-11:arm64				install
libgtop2-common					install
libgudev-1.0-0:arm64				install
libgupnp-1.6-0:arm64				install
libgupnp-av-1.0-3:arm64				install
libgupnp-dlna-2.0-4:arm64			install
libgusb2:arm64					install
libgweather-4-0t64:arm64			install
libgweather-4-common				install
libgxps2t64:arm64				install
libhandy-1-0:arm64				install
libharfbuzz-gobject0:arm64			install
libharfbuzz-icu0:arm64				install
libharfbuzz0b:arm64				install
libheif-plugin-aomdec:arm64			install
libheif-plugin-aomenc:arm64			install
libheif-plugin-libde265:arm64			install
libheif1:arm64					install
libhogweed6t64:arm64				install
libhpmud0:arm64					install
libhtml-form-perl				install
libhtml-format-perl				install
libhtml-parser-perl:arm64			install
libhtml-tagset-perl				install
libhtml-tree-perl				install
libhttp-cookies-perl				install
libhttp-daemon-perl				install
libhttp-date-perl				install
libhttp-message-perl				install
libhttp-negotiate-perl				install
libhunspell-1.7-0:arm64				install
libhwasan0:arm64				install
libhwy1t64:arm64				install
libhyphen0:arm64				install
libibus-1.0-5:arm64				install
libibverbs1:arm64				install
libical3t64:arm64				install
libice6:arm64					install
libicu74:arm64					install
libidn12:arm64					install
libidn2-0:arm64					install
libido3-0.1-0:arm64				install
libiec61883-0:arm64				install
libieee1284-3t64:arm64				install
libijs-0.35:arm64				install
libimagequant0:arm64				install
libimobiledevice6:arm64				install
libindicator3-7					install
libini-config5t64:arm64				install
libinih1:arm64					install
libiniparser1:arm64				install
libinput-bin					install
libinput10:arm64				install
libinstpatch-1.0-2:arm64			install
libio-html-perl					install
libio-socket-ssl-perl				install
libio-stringy-perl				install
libip4tc2:arm64					install
libip6tc2:arm64					install
libipa-hbac0t64					install
libipc-system-simple-perl			install
libisl23:arm64					install
libisofs6t64:arm64				install
libitm1:arm64					install
libiw30t64:arm64				install
libjack-jackd2-0:arm64				install
libjansson4:arm64				install
libjavascriptcoregtk-4.1-0:arm64		install
libjavascriptcoregtk-6.0-1:arm64		install
libjbig0:arm64					install
libjbig2dec0:arm64				install
libjcat1:arm64					install
libjpeg-turbo8:arm64				install
libjpeg8:arm64					install
libjq1:arm64					install
libjs-async					install
libjs-events					install
libjs-inherits					install
libjs-is-typedarray				install
libjs-jquery					install
libjs-jquery-hotkeys				install
libjs-jquery-isonscreen				install
libjs-jquery-metadata				install
libjs-jquery-tablesorter			install
libjs-jquery-throttle-debounce			install
libjs-jquery-ui					install
libjs-prettify					install
libjs-regenerate				install
libjs-source-map				install
libjs-sphinxdoc					install
libjs-sprintf-js				install
libjs-typedarray-to-buffer			install
libjs-underscore				install
libjs-util					install
libjson-c5:arm64				install
libjson-glib-1.0-0:arm64			install
libjson-glib-1.0-common				install
libjsoncpp25:arm64				install
libjxl0.7:arm64					install
libk5crypto3:arm64				install
libkeybinder-3.0-0:arm64			install
libkeyutils1:arm64				install
libklibc:arm64					install
libkmod2:arm64					install
libkpathsea6:arm64				install
libkrb5-3:arm64					install
libkrb5support0:arm64				install
libksba8:arm64					install
liblangtag-common				install
liblangtag1:arm64				install
liblapack3:arm64				install
liblbfgsb0:arm64				install
liblc3-1:arm64					install
liblcms2-2:arm64				install
liblcms2-utils					install
libldacbt-abr2:arm64				install
libldacbt-enc2:arm64				install
libldap-common					install
libldap2:arm64					install
libldb2:arm64					install
liblerc4:arm64					install
liblightdm-gobject-1-0:arm64			install
liblirc-client0t64:arm64			install
libllvm17t64:arm64				install
libllvm19:arm64					install
liblmdb0:arm64					install
liblocale-gettext-perl				install
liblouis-data					install
liblouis20:arm64				install
liblouisutdml-bin				install
liblouisutdml-data				install
liblouisutdml9t64:arm64				install
liblsan0:arm64					install
libltdl7:arm64					install
liblttng-ust-common1t64:arm64			install
liblttng-ust-ctl5t64:arm64			install
liblttng-ust1t64:arm64				install
liblua5.3-0:arm64				install
liblua5.4-0:arm64				install
liblwp-mediatypes-perl				install
liblwp-protocol-https-perl			install
liblz4-1:arm64					install
liblzma5:arm64					install
liblzo2-2:arm64					install
libmagic-mgc					install
libmagic1t64:arm64				install
libmailtools-perl				install
libmalcontent-0-0:arm64				install
libmanette-0.2-0:arm64				install
libmaxminddb0:arm64				install
libmbim-glib4:arm64				install
libmbim-proxy					install
libmbim-utils					install
libmd0:arm64					install
libmediaart-2.0-0:arm64				install
libmessaging-menu0:arm64			install
libmhash2:arm64					install
libminiupnpc17:arm64				install
libmm-glib0:arm64				install
libmnl0:arm64					install
libmodplug1:arm64				install
libmodulemd2:arm64				install
libmount1:arm64					install
libmousepad0:arm64				install
libmozjs-115-0t64:arm64				install
libmp3lame0:arm64				install
libmpc3:arm64					install
libmpfr6:arm64					install
libmpg123-0t64:arm64				install
libmsgraph-0-1:arm64				install
libmspub-0.1-1:arm64				install
libmtdev1t64:arm64				install
libmtp-common					install
libmtp-runtime					install
libmtp9t64:arm64				install
libmutter-14-0:arm64				install
libmwaw-0.3-3:arm64				install
libmythes-1.2-0:arm64				install
libnatpmp1t64:arm64				install
libnautilus-extension4:arm64			install
libncurses6:arm64				install
libncursesw6:arm64				install
libndp0:arm64					install
libnet-dbus-perl				install
libnet-http-perl				install
libnet-smtp-ssl-perl				install
libnet-ssleay-perl:arm64			install
libnetfilter-conntrack3:arm64			install
libnetplan1:arm64				install
libnettle8t64:arm64				install
libnewt0.52:arm64				install
libnfnetlink0:arm64				install
libnfs14:arm64					install
libnfsidmap1:arm64				install
libnftables1:arm64				install
libnftnl11:arm64				install
libnghttp2-14:arm64				install
libnl-3-200:arm64				install
libnl-genl-3-200:arm64				install
libnl-route-3-200:arm64				install
libnm0:arm64					install
libnma-common					install
libnma-gtk4-0:arm64				install
libnma0:arm64					install
libnode-dev					install
libnode109:arm64				install
libnotify-bin					install
libnotify4:arm64				install
libnpth0t64:arm64				install
libnspr4:arm64					install
libnss-mdns:arm64				install
libnss-sss:arm64				install
libnss-systemd:arm64				install
libnss3:arm64					install
libntfs-3g89t64:arm64				install
libnuma1:arm64					install
libnvme1t64					install
libodfgen-0.1-1:arm64				install
libogg0:arm64					install
libonig5:arm64					install
libopengl0:arm64				install
libopenjp2-7:arm64				install
libopus0:arm64					install
libopusfile0:arm64				install
liborc-0.4-0t64:arm64				install
liborcus-0.18-0:arm64				install
liborcus-parser-0.18-0:arm64			install
libp11-kit0:arm64				install
libpackagekit-glib2-18:arm64			install
libpagemaker-0.0-0:arm64			install
libpam-cap:arm64				install
libpam-fprintd:arm64				install
libpam-gnome-keyring:arm64			install
libpam-modules:arm64				install
libpam-modules-bin				install
libpam-pwquality:arm64				install
libpam-runtime					install
libpam-sss:arm64				install
libpam-systemd:arm64				install
libpam0g:arm64					install
libpango-1.0-0:arm64				install
libpangocairo-1.0-0:arm64			install
libpangoft2-1.0-0:arm64				install
libpangomm-1.4-1v5:arm64			install
libpangomm-2.48-1t64:arm64			install
libpangoxft-1.0-0:arm64				install
libpaper-utils					install
libpaper1:arm64					install
libparted2t64:arm64				install
libpath-utils1t64:arm64				install
libpcap0.8t64:arm64				install
libpcaudio0:arm64				install
libpci3:arm64					install
libpciaccess0:arm64				install
libpcre2-32-0:arm64				install
libpcre2-8-0:arm64				install
libpcsclite1:arm64				install
libpeas-1.0-0:arm64				install
libpeas-common					install
libperl5.38t64:arm64				install
libphonenumber8:arm64				install
libpipeline1:arm64				install
libpipewire-0.3-0t64:arm64			install
libpipewire-0.3-common				install
libpipewire-0.3-modules:arm64			install
libpipewire-0.3-modules-xrdp:arm64		install
libpixman-1-0:arm64				install
libpkcs11-helper1t64:arm64			install
libplist-2.0-4:arm64				install
libplymouth5:arm64				install
libpng16-16t64:arm64				install
libpolkit-agent-1-0:arm64			install
libpolkit-gobject-1-0:arm64			install
libpoppler-cpp0t64:arm64			install
libpoppler-glib8t64:arm64			install
libpoppler134:arm64				install
libpopt0:arm64					install
libportal-gtk3-1:arm64				install
libportal-gtk4-1:arm64				install
libportal1:arm64				install
libportmidi0:arm64				install
libppd2:arm64					install
libppd2-common					install
libproc2-0:arm64				install
libprotobuf-c1:arm64				install
libprotobuf32t64:arm64				install
libproxy1-plugin-gsettings:arm64		install
libproxy1-plugin-networkmanager:arm64		install
libproxy1v5:arm64				install
libpsl5t64:arm64				install
libpulse-mainloop-glib0:arm64			install
libpulse0:arm64					install
libpwquality-common				install
libpwquality1:arm64				install
libpython3-dev:arm64				install
libpython3-stdlib:arm64				install
libpython3.12-dev:arm64				install
libpython3.12-minimal:arm64			install
libpython3.12-stdlib:arm64			install
libpython3.12t64:arm64				install
libqhull-r8.0:arm64				install
libqmi-glib5:arm64				install
libqmi-proxy					install
libqmi-utils					install
libqpdf29t64:arm64				install
libqrencode4:arm64				install
libqrtr-glib0:arm64				install
libqrtr1:arm64					install
libraptor2-0:arm64				install
libraqm0:arm64					install
libraspberrypi-bin				install
libraspberrypi0:arm64				install
librasqal3t64:arm64				install
librav1e0:arm64					install
libraw1394-11:arm64				install
libraw23t64:arm64				install
librdf0t64:arm64				install
libre2-10:arm64					install
libreadline8t64:arm64				install
libref-array1t64:arm64				install
libreiserfscore0t64				install
libreoffice-base-core				install
libreoffice-calc				install
libreoffice-common				install
libreoffice-core				install
libreoffice-draw				install
libreoffice-gnome				install
libreoffice-gtk3				install
libreoffice-impress				install
libreoffice-math				install
libreoffice-style-colibre			install
libreoffice-style-elementary			install
libreoffice-style-yaru				install
libreoffice-uiconfig-calc			install
libreoffice-uiconfig-common			install
libreoffice-uiconfig-draw			install
libreoffice-uiconfig-impress			install
libreoffice-uiconfig-math			install
libreoffice-uiconfig-writer			install
libreoffice-writer				install
librepo0:arm64					install
librest-1.0-0:arm64				install
librevenge-0.0-0:arm64				install
librhash0:arm64					install
librhythmbox-core10:arm64			install
libroc0.3:arm64					install
librpm9t64					install
librpmbuild9t64					install
librpmio9t64					install
librpmsign9t64					install
librsvg2-2:arm64				install
librsvg2-common:arm64				install
librsync2t64:arm64				install
librtmp1:arm64					install
librygel-core-2.8-0:arm64			install
librygel-db-2.8-0:arm64				install
librygel-renderer-2.8-0:arm64			install
librygel-server-2.8-0:arm64			install
libsamplerate0:arm64				install
libsane-common					install
libsane-hpaio:arm64				install
libsane1:arm64					install
libsasl2-2:arm64				install
libsasl2-modules:arm64				install
libsasl2-modules-db:arm64			install
libsasl2-modules-gssapi-mit:arm64		install
libsbc1:arm64					install
libsdl2-2.0-0:arm64				install
libsdl2-image-2.0-0:arm64			install
libsdl2-mixer-2.0-0:arm64			install
libsdl2-ttf-2.0-0:arm64				install
libseccomp2:arm64				install
libsecret-1-0:arm64				install
libsecret-common				install
libselinux1:arm64				install
libsemanage-common				install
libsemanage2:arm64				install
libsensors-config				install
libsensors5:arm64				install
libsepol2:arm64					install
libserf-1-1:arm64				install
libsframe1:arm64				install
libsgutils2-1.46-2:arm64			install
libsharpyuv0:arm64				install
libshine3:arm64					install
libshout3:arm64					install
libsigc++-2.0-0v5:arm64				install
libsigc++-3.0-0:arm64				install
libslang2:arm64					install
libslirp0:arm64					install
libsm6:arm64					install
libsmartcols1:arm64				install
libsmbclient0:arm64				install
libsnapd-glib-2-1:arm64				install
libsnappy1v5:arm64				install
libsndfile1:arm64				install
libsnmp-base					install
libsnmp40t64:arm64				install
libsodium23:arm64				install
libsolv1:arm64					install
libsolvext1:arm64				install
libsonic0:arm64					install
libsoup-2.4-1:arm64				install
libsoup-3.0-0:arm64				install
libsoup-3.0-common				install
libsoup2.4-common				install
libsource-highlight-common			install
libsource-highlight4t64:arm64			install
libsoxr0:arm64					install
libspa-0.2-bluetooth:arm64			install
libspa-0.2-modules:arm64			install
libspectre1:arm64				install
libspeechd2:arm64				install
libspeex1:arm64					install
libspeexdsp1:arm64				install
libsqlite3-0:arm64				install
libss2:arm64					install
libssh-4:arm64					install
libssl-dev:arm64				install
libssl3t64:arm64				install
libsss-certmap0					install
libsss-idmap0					install
libsss-nss-idmap0				install
libstartup-notification0:arm64			install
libstdc++-13-dev:arm64				install
libstdc++6:arm64				install
libstemmer0d:arm64				install
libsuitesparseconfig7:arm64			install
libsvn1:arm64					install
libsvtav1enc1d1:arm64				install
libswresample4:arm64				install
libsynctex2:arm64				install
libsysmetrics1:arm64				install
libsystemd-shared:arm64				install
libsystemd0:arm64				install
libtag1v5:arm64					install
libtag1v5-vanilla:arm64				install
libtagc0:arm64					install
libtalloc2:arm64				install
libtasn1-6:arm64				install
libtcl8.6:arm64					install
libtdb1:arm64					install
libteamdctl0:arm64				install
libtevent0t64:arm64				install
libtext-charwidth-perl:arm64			install
libtext-iconv-perl:arm64			install
libtext-wrapi18n-perl				install
libthai-data					install
libthai0:arm64					install
libtheora0:arm64				install
libthunarx-3-0:arm64				install
libtie-ixhash-perl				install
libtiff6:arm64					install
libtimedate-perl				install
libtinfo6:arm64					install
libtirpc-common					install
libtirpc3t64:arm64				install
libtk8.6:arm64					install
libtotem-plparser-common			install
libtotem-plparser18:arm64			install
libtotem0:arm64					install
libtraceevent1:arm64				install
libtraceevent1-plugin:arm64			install
libtracefs1:arm64				install
libtracker-sparql-3.0-0:arm64			install
libtry-tiny-perl				install
libtsan2:arm64					install
libtss2-esys-3.0.2-0t64:arm64			install
libtss2-mu-4.0.1-0t64:arm64			install
libtss2-rc0t64:arm64				install
libtss2-sys1t64:arm64				install
libtss2-tcti-cmd0t64:arm64			install
libtss2-tcti-device0t64:arm64			install
libtss2-tcti-libtpms0t64:arm64			install
libtss2-tcti-mssim0t64:arm64			install
libtss2-tcti-spi-helper0t64:arm64		install
libtss2-tcti-swtpm0t64:arm64			install
libtss2-tctildr0t64:arm64			install
libtumbler-1-0t64:arm64				install
libtwolame0:arm64				install
libu2f-udev					install
libubootenv-tool				install
libubootenv0.1:arm64				install
libubsan1:arm64					install
libuchardet0:arm64				install
libudev1:arm64					install
libudisks2-0:arm64				install
libunbound8:arm64				install
libunistring5:arm64				install
libunity-gtk2-parser0:arm64			install
libunity-gtk3-parser0:arm64			install
libunity-protocol-private0:arm64		install
libunity-scopes-json-def-desktop		install
libunity-settings-daemon1:arm64			install
libunity9:arm64					install
libuno-cppu3t64					install
libuno-cppuhelpergcc3-3t64			install
libuno-purpenvhelpergcc3-3t64			install
libuno-sal3t64					install
libuno-salhelpergcc3-3t64			install
libunwind8:arm64				install
libupower-glib3:arm64				install
liburi-perl					install
libusb-1.0-0:arm64				install
libusbmuxd6:arm64				install
libutempter0:arm64				install
libutf8proc3:arm64				install
libuuid1:arm64					install
libuv1-dev:arm64				install
libuv1t64:arm64					install
libv4l-0t64:arm64				install
libv4lconvert0t64:arm64				install
libva-drm2:arm64				install
libva-x11-2:arm64				install
libva2:arm64					install
libvdpau1:arm64					install
libvisio-0.1-1:arm64				install
libvisual-0.4-0:arm64				install
libvncclient1:arm64				install
libvolume-key1:arm64				install
libvorbis0a:arm64				install
libvorbisenc2:arm64				install
libvorbisfile3:arm64				install
libvpx9:arm64					install
libvte-2.91-0:arm64				install
libvte-2.91-common				install
libvulkan1:arm64				install
libwacom-common					install
libwacom9:arm64					install
libwavpack1:arm64				install
libwayland-client0:arm64			install
libwayland-cursor0:arm64			install
libwayland-egl1:arm64				install
libwayland-server0:arm64			install
libwbclient0:arm64				install
libwebkit2gtk-4.1-0:arm64			install
libwebkitgtk-6.0-4:arm64			install
libwebp7:arm64					install
libwebpdemux2:arm64				install
libwebpmux3:arm64				install
libwebrtc-audio-processing1:arm64		install
libwhoopsie-preferences0			install
libwhoopsie0:arm64				install
libwinpr3-3:arm64				install
libwireplumber-0.4-0:arm64			install
libwmf-0.2-7:arm64				install
libwmf-0.2-7-gtk:arm64				install
libwmf0.2-7-gtk:arm64				install
libwmflite-0.2-7:arm64				install
libwnck-3-0:arm64				install
libwnck-3-common				install
libwoff1:arm64					install
libwpd-0.10-10:arm64				install
libwpg-0.3-3:arm64				install
libwps-0.4-4:arm64				install
libwrap0:arm64					install
libwww-perl					install
libwww-robotrules-perl				install
libx11-6:arm64					install
libx11-data					install
libx11-protocol-perl				install
libx11-xcb1:arm64				install
libx264-164:arm64				install
libx265-199:arm64				install
libxau6:arm64					install
libxaw7:arm64					install
libxcb-damage0:arm64				install
libxcb-dri2-0:arm64				install
libxcb-dri3-0:arm64				install
libxcb-glx0:arm64				install
libxcb-icccm4:arm64				install
libxcb-image0:arm64				install
libxcb-keysyms1:arm64				install
libxcb-present0:arm64				install
libxcb-randr0:arm64				install
libxcb-render-util0:arm64			install
libxcb-render0:arm64				install
libxcb-res0:arm64				install
libxcb-shape0:arm64				install
libxcb-shm0:arm64				install
libxcb-sync1:arm64				install
libxcb-util1:arm64				install
libxcb-xfixes0:arm64				install
libxcb-xkb1:arm64				install
libxcb-xv0:arm64				install
libxcb1:arm64					install
libxcomposite1:arm64				install
libxcursor1:arm64				install
libxcvt0:arm64					install
libxdamage1:arm64				install
libxdmcp6:arm64					install
libxext6:arm64					install
libxfce4panel-2.0-4				install
libxfce4ui-2-0:arm64				install
libxfce4ui-common				install
libxfce4ui-utils				install
libxfce4util-bin				install
libxfce4util-common				install
libxfce4util7:arm64				install
libxfconf-0-3:arm64				install
libxfixes3:arm64				install
libxfont2:arm64					install
libxft2:arm64					install
libxi6:arm64					install
libxinerama1:arm64				install
libxkbcommon-x11-0:arm64			install
libxkbcommon0:arm64				install
libxkbfile1:arm64				install
libxkbregistry0:arm64				install
libxklavier16:arm64				install
libxml-parser-perl				install
libxml-twig-perl				install
libxml-xpathengine-perl				install
libxml2:arm64					install
libxmlb2:arm64					install
libxmlsec1t64:arm64				install
libxmlsec1t64-nss:arm64				install
libxmu6:arm64					install
libxmuu1:arm64					install
libxnvctrl0:arm64				install
libxpm4:arm64					install
libxpresent1:arm64				install
libxrandr2:arm64				install
libxrender1:arm64				install
libxres1:arm64					install
libxshmfence1:arm64				install
libxslt1.1:arm64				install
libxss1:arm64					install
libxt6t64:arm64					install
libxtables12:arm64				install
libxtst6:arm64					install
libxv1:arm64					install
libxvidcore4:arm64				install
libxxf86dga1:arm64				install
libxxf86vm1:arm64				install
libxxhash0:arm64				install
libyajl2:arm64					install
libyaml-0-2:arm64				install
libyelp0:arm64					install
libzstd1:arm64					install
libzvbi-common					install
libzvbi0t64:arm64				install
light-locker					install
light-locker-settings				install
lightdm						install
linux-base					install
linux-firmware					install
linux-firmware-raspi				install
linux-image-6.8.0-1010-raspi			deinstall
linux-image-6.8.0-1013-raspi			deinstall
linux-image-6.8.0-1015-raspi			deinstall
linux-image-6.8.0-1016-raspi			deinstall
linux-image-6.8.0-1017-raspi			install
linux-image-6.8.0-1020-raspi			install
linux-image-raspi				install
linux-libc-dev:arm64				install
linux-modules-6.8.0-1010-raspi			deinstall
linux-modules-6.8.0-1013-raspi			deinstall
linux-modules-6.8.0-1015-raspi			deinstall
linux-modules-6.8.0-1016-raspi			deinstall
linux-modules-6.8.0-1017-raspi			install
linux-modules-6.8.0-1020-raspi			install
linux-sound-base				install
lm-sensors					install
locales						install
login						install
logrotate					install
logsave						install
lp-solve					install
lsb-release					install
lshw						install
lsof						install
lto-disabled-list				install
lvm2						deinstall
make						install
man-db						install
manpages					install
manpages-dev					install
mawk						install
media-player-info				install
media-types					install
mercurial					install
mercurial-common				install
mesa-libgallium:arm64				install
mesa-va-drivers:arm64				install
mesa-vdpau-drivers:arm64			install
mesa-vulkan-drivers:arm64			install
mobile-broadband-provider-info			install
modemmanager					install
mount						install
mousepad					install
mousetweaks					install
mscompress					install
mtd-utils					install
mtr-tiny					install
mutter-common					install
mutter-common-bin				install
nano						install
nautilus					install
nautilus-data					install
nautilus-extension-gnome-terminal:arm64		install
nautilus-sendto					install
ncurses-base					install
ncurses-bin					install
ncurses-term					install
net-tools					install
netbase						install
netcat-openbsd					install
netplan-generator				install
netplan.io					install
network-manager					install
network-manager-config-connectivity-ubuntu	install
network-manager-gnome				install
network-manager-openvpn				install
network-manager-openvpn-gnome			install
network-manager-pptp				install
network-manager-pptp-gnome			install
networkd-dispatcher				install
nftables					install
node-abbrev					install
node-acorn					install
node-agent-base					install
node-ajv					install
node-ajv-keywords				install
node-ampproject-remapping			install
node-ansi-escapes				install
node-ansi-regex					install
node-ansi-styles				install
node-anymatch					install
node-aproba					install
node-archy					install
node-are-we-there-yet				install
node-argparse					install
node-arrify					install
node-assert					install
node-async					install
node-async-each					install
node-auto-bind					install
node-babel-helper-define-polyfill-provider	install
node-babel-plugin-add-module-exports		install
node-babel-plugin-lodash			install
node-babel-plugin-polyfill-corejs2		install
node-babel-plugin-polyfill-corejs3		install
node-babel-plugin-polyfill-regenerator		install
node-babel7					install
node-babel7-runtime				install
node-balanced-match				install
node-base					install
node-base64-js					install
node-binary-extensions				install
node-brace-expansion				install
node-braces					install
node-browserslist				install
node-builtins					install
node-busboy					install
node-cacache					install
node-cache-base					install
node-camelcase					install
node-caniuse-lite				install
node-chalk					install
node-chokidar					install
node-chownr					install
node-chrome-trace-event				install
node-ci-info					install
node-cjs-module-lexer				install
node-cli-boxes					install
node-cli-cursor					install
node-cli-table					install
node-cli-truncate				install
node-cliui					install
node-clone					install
node-clone-deep					install
node-collection-visit				install
node-color-convert				install
node-color-name					install
node-colors					install
node-columnify					install
node-commander					install
node-commondir					install
node-concat-stream				install
node-console-control-strings			install
node-convert-source-map				install
node-copy-concurrently				install
node-core-js					install
node-core-js-compat				install
node-core-js-pure				install
node-core-util-is				install
node-coveralls					install
node-css-loader					install
node-css-selector-tokenizer			install
node-data-uri-to-buffer				install
node-debbundle-es-to-primitive			install
node-debug					install
node-decamelize					install
node-decompress-response			install
node-deep-equal					install
node-deep-is					install
node-defaults					install
node-define-properties				install
node-define-property				install
node-defined					install
node-del					install
node-delegates					install
node-depd					install
node-diff					install
node-doctrine					install
node-electron-to-chromium			install
node-encoding					install
node-end-of-stream				install
node-enhanced-resolve				install
node-err-code					install
node-errno					install
node-error-ex					install
node-es-abstract				install
node-es-module-lexer				install
node-es6-error					install
node-escape-string-regexp			install
node-escodegen					install
node-eslint-scope				install
node-eslint-utils				install
node-eslint-visitor-keys			install
node-espree					install
node-esprima					install
node-esquery					install
node-esrecurse					install
node-estraverse					install
node-esutils					install
node-events					install
node-fancy-log					install
node-fast-deep-equal				install
node-fast-levenshtein				install
node-fetch					install
node-file-entry-cache				install
node-fill-range					install
node-find-cache-dir				install
node-find-up					install
node-flat-cache					install
node-flatted					install
node-for-in					install
node-for-own					install
node-foreground-child				install
node-fs-readdir-recursive			install
node-fs-write-stream-atomic			install
node-fs.realpath				install
node-function-bind				install
node-functional-red-black-tree			install
node-gauge					install
node-get-caller-file				install
node-get-stream					install
node-get-value					install
node-glob					install
node-glob-parent				install
node-globals					install
node-globby					install
node-got					install
node-graceful-fs				install
node-growl					install
node-gyp					install
node-has-flag					install
node-has-unicode				install
node-has-value					install
node-has-values					install
node-hosted-git-info				install
node-http-proxy-agent				install
node-https-proxy-agent				install
node-iconv-lite					install
node-icss-utils					install
node-ieee754					install
node-iferr					install
node-ignore					install
node-imurmurhash				install
node-indent-string				install
node-inflight					install
node-inherits					install
node-ini					install
node-interpret					install
node-ip						install
node-ip-regex					install
node-is-arrayish				install
node-is-binary-path				install
node-is-buffer					install
node-is-descriptor				install
node-is-extendable				install
node-is-extglob					install
node-is-glob					install
node-is-number					install
node-is-path-cwd				install
node-is-path-inside				install
node-is-plain-obj				install
node-is-plain-object				install
node-is-primitive				install
node-is-stream					install
node-is-typedarray				install
node-is-windows					install
node-isarray					install
node-isexe					install
node-isobject					install
node-istanbul					install
node-jest-debbundle				install
node-jest-worker				install
node-js-tokens					install
node-js-yaml					install
node-jsesc					install
node-json-buffer				install
node-json-parse-better-errors			install
node-json-schema				install
node-json-schema-traverse			install
node-json-stable-stringify			install
node-json5					install
node-jsonify					install
node-jsonparse					install
node-kind-of					install
node-lcov-parse					install
node-levn					install
node-loader-runner				install
node-locate-path				install
node-lodash					install
node-lodash-packages				install
node-log-driver					install
node-lowercase-keys				install
node-lru-cache					install
node-make-dir					install
node-map-visit					install
node-memfs					install
node-memory-fs					install
node-merge-stream				install
node-micromatch					install
node-mime					install
node-mime-types					install
node-mimic-response				install
node-minimatch					install
node-minimist					install
node-minipass					install
node-mixin-deep					install
node-mkdirp					install
node-move-concurrently				install
node-ms						install
node-mute-stream				install
node-n3						install
node-negotiator					install
node-neo-async					install
node-nopt					install
node-normalize-package-data			install
node-normalize-path				install
node-npm-bundled				install
node-npm-package-arg				install
node-npm-run-path				install
node-npmlog					install
node-object-assign				install
node-object-inspect				install
node-object-visit				install
node-once					install
node-opener					install
node-optimist					install
node-optionator					install
node-osenv					install
node-p-cancelable				install
node-p-limit					install
node-p-locate					install
node-p-map					install
node-parse-json					install
node-pascalcase					install
node-path-dirname				install
node-path-exists				install
node-path-is-absolute				install
node-path-is-inside				install
node-path-type					install
node-picocolors					install
node-pify					install
node-pkg-dir					install
node-postcss					install
node-postcss-modules-extract-imports		install
node-postcss-modules-values			install
node-postcss-value-parser			install
node-prelude-ls					install
node-process-nextick-args			install
node-progress					install
node-promise-inflight				install
node-promise-retry				install
node-promzard					install
node-prr					install
node-pump					install
node-punycode					install
node-quick-lru					install
node-randombytes				install
node-re2:arm64					install
node-read					install
node-read-package-json				install
node-read-pkg					install
node-readable-stream				install
node-readdirp					install
node-rechoir					install
node-regenerate					install
node-regenerate-unicode-properties		install
node-regenerator-runtime			install
node-regenerator-transform			install
node-regexpp					install
node-regexpu-core				install
node-regjsgen					install
node-regjsparser				install
node-repeat-string				install
node-require-directory				install
node-require-from-string			install
node-resolve					install
node-resolve-cwd				install
node-resolve-from				install
node-restore-cursor				install
node-resumer					install
node-retry					install
node-rimraf					install
node-run-queue					install
node-safe-buffer				install
node-schema-utils				install
node-sellside-emitter				install
node-semver					install
node-serialize-javascript			install
node-set-blocking				install
node-set-immediate-shim				install
node-set-value					install
node-shebang-command				install
node-shebang-regex				install
node-shell-quote				install
node-signal-exit				install
node-slash					install
node-slice-ansi					install
node-source-list-map				install
node-source-map					install
node-source-map-support				install
node-spdx-correct				install
node-spdx-exceptions				install
node-spdx-expression-parse			install
node-spdx-license-ids				install
node-sprintf-js					install
node-ssri					install
node-stack-utils				install
node-string-decoder				install
node-string-width				install
node-strip-ansi					install
node-strip-bom					install
node-strip-json-comments			install
node-supports-color				install
node-tap					install
node-tap-mocha-reporter				install
node-tap-parser					install
node-tapable					install
node-tape					install
node-tar					install
node-terser					install
node-text-table					install
node-through					install
node-time-stamp					install
node-to-fast-properties				install
node-to-regex-range				install
node-tslib					install
node-type-check					install
node-typedarray					install
node-typedarray-to-buffer			install
node-undici					install
node-unicode-canonical-property-names-ecmascript	install
node-unicode-match-property-ecmascript		install
node-unicode-match-property-value-ecmascript	install
node-unicode-property-aliases-ecmascript	install
node-union-value				install
node-unique-filename				install
node-unset-value				install
node-uri-js					install
node-util					install
node-util-deprecate				install
node-uuid					install
node-v8-compile-cache				install
node-v8flags					install
node-validate-npm-package-license		install
node-validate-npm-package-name			install
node-watchpack					install
node-wcwidth.js					install
node-webassemblyjs				install
node-webpack-sources				install
node-which					install
node-wide-align					install
node-widest-line				install
node-wordwrap					install
node-wrap-ansi					install
node-wrappy					install
node-write					install
node-write-file-atomic				install
node-ws						install
node-xtend					install
node-y18n					install
node-yallist					install
node-yaml					install
node-yargs					install
node-yargs-parser				install
nodejs						install
nodejs-doc					install
npm						install
ntfs-3g						install
numactl						install
ocl-icd-libopencl1:arm64			install
oem-config					deinstall
oem-config-gtk					deinstall
openprinting-ppds				install
openssh-client					install
openssh-server					install
openssh-sftp-server				install
openssl						install
openvpn						install
orca						install
p11-kit						install
p11-kit-modules:arm64				install
packagekit					install
packagekit-tools				install
parted						install
passwd						install
patch						install
pavucontrol					install
pci.ids						install
pciutils					install
pcmciautils					install
pemmican-common					install
pemmican-desktop				install
perl						install
perl-base					install
perl-modules-5.38				install
perl-openssl-defaults:arm64			install
pigz						install
pinentry-curses					install
pinentry-gnome3					install
pipewire:arm64					install
pipewire-alsa:arm64				install
pipewire-audio					install
pipewire-bin					install
pipewire-module-xrdp				install
pipewire-pulse					install
pkexec						install
plymouth					install
plymouth-label					install
plymouth-theme-spinner				install
plymouth-theme-ubuntu-text			install
policykit-1					install
policykit-1-gnome				install
policykit-desktop-privileges			install
polkitd						install
poppler-data					install
poppler-utils					install
power-profiles-daemon				install
powermgmt-base					install
ppp						install
pptp-linux					install
printer-driver-brlaser				install
printer-driver-c2esp				install
printer-driver-foo2zjs				install
printer-driver-foo2zjs-common			install
printer-driver-hpcups				install
printer-driver-m2300w				install
printer-driver-min12xxw				install
printer-driver-pnm2ppa				install
printer-driver-postscript-hp			install
printer-driver-ptouch				install
printer-driver-pxljr				install
printer-driver-sag-gdi				install
printer-driver-splix				install
procps						install
protection-domain-mapper			install
psmisc						install
publicsuffix					install
pulseaudio-utils				install
pyflakes3					install
python-apt-common				install
python-babel-localedata				install
python-matplotlib-data				install
python-pkginfo-doc				install
python3						install
python3-appdirs					install
python3-apport					install
python3-apt					install
python3-aptdaemon				install
python3-aptdaemon.gtk3widgets			install
python3-argcomplete				install
python3-attr					install
python3-babel					install
python3-bcrypt					install
python3-blinker					install
python3-bloom					install
python3-breezy					install
python3-brlapi:arm64				install
python3-brotli					install
python3-bs4					install
python3-build					install
python3-cachecontrol				install
python3-cairo					install
python3-catkin-pkg				install
python3-catkin-pkg-modules			install
python3-certifi					install
python3-cffi-backend:arm64			install
python3-chardet					install
python3-cleo					install
python3-cliapp					install
python3-click					install
python3-colcon-argcomplete			install
python3-colcon-bash				install
python3-colcon-cd				install
python3-colcon-cmake				install
python3-colcon-common-extensions		install
python3-colcon-core				install
python3-colcon-defaults				install
python3-colcon-devtools				install
python3-colcon-installed-package-information	install
python3-colcon-library-path			install
python3-colcon-metadata				install
python3-colcon-mixin				install
python3-colcon-notification			install
python3-colcon-output				install
python3-colcon-override-check			install
python3-colcon-package-information		install
python3-colcon-package-selection		install
python3-colcon-parallel-executor		install
python3-colcon-pkg-config			install
python3-colcon-powershell			install
python3-colcon-python-setup-py			install
python3-colcon-recursive-crawl			install
python3-colcon-ros				install
python3-colcon-test-result			install
python3-colcon-zsh				install
python3-colorama				install
python3-commandnotfound				install
python3-configobj				install
python3-contourpy				install
python3-coverage				install
python3-crashtest				install
python3-cryptography				install
python3-cssselect				install
python3-cups:arm64				install
python3-cupshelpers				install
python3-cycler					install
python3-dateutil				install
python3-dbus					install
python3-debconf					install
python3-debian					install
python3-decorator				install
python3-defer					install
python3-deprecated				install
python3-dev					install
python3-distlib					install
python3-distro					install
python3-distro-info				install
python3-distupgrade				install
python3-dnf					install
python3-docutils				install
python3-dulwich					install
python3-empy					install
python3-fastbencode				install
python3-fasteners				install
python3-fastimport				install
python3-fastjsonschema				install
python3-filelock				install
python3-flake8					install
python3-flake8-docstrings			install
python3-fonttools				install
python3-fs					install
python3-gdbm:arm64				install
python3-gi					install
python3-gi-cairo				install
python3-github					install
python3-gpg					install
python3-hawkey					install
python3-html5lib				install
python3-httplib2				install
python3-ibus-1.0				install
python3-idna					install
python3-importlib-metadata			install
python3-iniconfig				install
python3-installer				install
python3-jaraco.classes				install
python3-jeepney					install
python3-jinja2					install
python3-json-pointer				install
python3-jsonpatch				install
python3-jsonschema				install
python3-jwt					install
python3-keyring					install
python3-kiwisolver				install
python3-launchpadlib				install
python3-lazr.restfulclient			install
python3-lazr.uri				install
python3-libcomps				install
python3-libdnf					install
python3-lockfile				install
python3-louis					install
python3-lxml:arm64				install
python3-lz4					install
python3-mako					install
python3-markdown				install
python3-markdown-it				install
python3-markupsafe				install
python3-matplotlib				install
python3-mccabe					install
python3-mdurl					install
python3-merge3					install
python3-minimal					install
python3-monotonic				install
python3-more-itertools				install
python3-mpmath					install
python3-msgpack					install
python3-nacl					install
python3-netifaces:arm64				install
python3-netplan					install
python3-notify2					install
python3-numpy					install
python3-oauthlib				install
python3-olefile					install
python3-packaging				install
python3-paramiko				install
python3-patiencediff				install
python3-pexpect					install
python3-pil:arm64				install
python3-pil.imagetk:arm64			install
python3-pip					install
python3-pip-whl					install
python3-pkg-resources				install
python3-pkginfo					install
python3-platformdirs				install
python3-pluggy					install
python3-poetry					install
python3-poetry-core				install
python3-poetry-plugin-export			install
python3-problem-report				install
python3-psutil					install
python3-ptyprocess				install
python3-pycodestyle				install
python3-pydocstyle				install
python3-pyflakes				install
python3-pygame					install
python3-pygments				install
python3-pylev					install
python3-pyparsing				install
python3-pyproject-hooks				install
python3-pyrsistent:arm64			install
python3-pytest					install
python3-pytest-cov				install
python3-pyudev					install
python3-requests				install
python3-requests-toolbelt			install
python3-rich					install
python3-roman					install
python3-rosdep					install
python3-rosdep-modules				install
python3-rosdistro				install
python3-rosdistro-modules			install
python3-rospkg-modules				install
python3-rpm					install
python3-scipy					install
python3-secretstorage				install
python3-serial					install
python3-setuptools				install
python3-setuptools-whl				install
python3-shellingham				install
python3-six					install
python3-snowballstemmer				install
python3-software-properties			install
python3-soupsieve				install
python3-speechd					install
python3-sss					install
python3-sympy					install
python3-systemd					install
python3-tk:arm64				install
python3-toml					install
python3-tomlkit					install
python3-trove-classifiers			install
python3-ttystatus				install
python3-typing-extensions			install
python3-tz					install
python3-tzlocal					install
python3-ufolib2					install
python3-unbound					install
python3-unicodedata2				install
python3-uno					install
python3-update-manager				install
python3-urllib3					install
python3-vcstool					install
python3-vcstools				install
python3-virtualenv				install
python3-wadllib					install
python3-webencodings				install
python3-wheel					install
python3-wheel-whl				install
python3-wrapt					install
python3-xdg					install
python3-xkit					install
python3-yaml					install
python3-zipp					install
python3-zombie-imp				install
python3.12					install
python3.12-dev					install
python3.12-minimal				install
qrtr-tools					install
readline-common					install
remmina						install
remmina-common					install
remmina-plugin-rdp:arm64			install
remmina-plugin-secret:arm64			install
remmina-plugin-vnc:arm64			install
rfkill						install
rhythmbox					install
rhythmbox-data					install
rhythmbox-plugin-alternative-toolbar		install
rhythmbox-plugins				install
ristretto					install
ros-build-essential				install
ros-dev-tools					install
rpcsvc-proto					install
rpi-eeprom					install
rpm-common					install
rsync						install
rsyslog						install
rtkit						install
rygel						install
samba-libs:arm64				install
sane-airscan					install
sane-utils					install
sbsigntool					install
seahorse					install
secureboot-db					install
sed						install
sensible-utils					install
session-migration				install
sgml-base					install
sgml-data					install
shared-mime-info				install
shotwell					install
shotwell-common					install
simple-scan					install
slirp4netns					install
snapd						install
software-properties-common			install
software-properties-gtk				install
sound-icons					install
sound-theme-freedesktop				install
speech-dispatcher				install
speech-dispatcher-audio-plugins:arm64		install
speech-dispatcher-espeak-ng			install
spice-vdagent					install
sqlite3						install
squashfs-tools					install
ssh-import-id					install
ssl-cert					install
sssd						install
sssd-ad						install
sssd-ad-common					install
sssd-common					install
sssd-ipa					install
sssd-krb5					install
sssd-krb5-common				install
sssd-ldap					install
sssd-proxy					install
strace						install
subversion					install
sudo						install
switcheroo-control				install
sysstat						install
system-config-printer				install
system-config-printer-common			install
system-config-printer-udev			install
systemd						install
systemd-dev					install
systemd-hwe-hwdb				install
systemd-oomd					install
systemd-resolved				install
systemd-sysv					install
systemd-timesyncd				install
sysvinit-utils					install
tango-icon-theme				install
tar						install
tcl						install
tcl8.6						install
tcpdump						install
tecla						install
telnet						install
terminator					install
terser						install
thunar						install
thunar-archive-plugin:arm64			install
thunar-data					install
thunar-media-tags-plugin:arm64			install
thunar-volman					install
thunderbird					install
tigervnc-common					install
tigervnc-tools					install
tightvncpasswd					install
tightvncserver					install
time						install
timgm6mb-soundfont				install
tk8.6-blt2.5					install
tnftp						install
totem						install
totem-common					install
totem-plugins					install
tpm-udev					install
trace-cmd					install
tracker						install
tracker-extract					install
tracker-miner-fs				install
transmission-common				install
transmission-gtk				install
tumbler:arm64					install
tumbler-common					install
tzdata						install
u-boot-tools					install
ubuntu-advantage-desktop-daemon			install
ubuntu-desktop					install
ubuntu-desktop-minimal				install
ubuntu-desktop-raspi				install
ubuntu-docs					install
ubuntu-drivers-common				install
ubuntu-keyring					install
ubuntu-minimal					install
ubuntu-mono					install
ubuntu-pro-client				install
ubuntu-pro-client-l10n				install
ubuntu-raspi-settings				install
ubuntu-raspi-settings-desktop			install
ubuntu-release-upgrader-core			install
ubuntu-release-upgrader-gtk			install
ubuntu-report					install
ubuntu-session					install
ubuntu-settings					install
ubuntu-standard					install
ubuntu-touch-sounds				install
ubuntu-wallpapers				install
ubuntu-wallpapers-noble				install
ucf						install
udev						install
udisks2						install
ufw						install
unattended-upgrades				install
unicode-data					install
unity-greeter					install
unity-gtk-module-common				install
unity-gtk2-module:arm64				install
unity-gtk3-module:arm64				install
unity-settings-daemon				install
unity-settings-daemon-schemas			install
uno-libs-private				install
unzip						install
update-inetd					install
update-manager					install
update-manager-core				install
update-notifier					install
update-notifier-common				install
upower						install
ure						install
usb-modeswitch					install
usb-modeswitch-data				install
usb.ids						install
usbmuxd						install
usbutils					install
util-linux					install
uuid-runtime					install
va-driver-all:arm64				install
vdpau-driver-all:arm64				install
vim-common					install
vim-tiny					install
wamerican					install
warp-terminal					install
webp-pixbuf-loader:arm64			install
webpack						install
wget						install
whiptail					install
whoopsie					install
whoopsie-preferences				install
wireless-regdb					install
wireless-tools					install
wireplumber					install
wpasupplicant					install
x11-apps					install
x11-common					install
x11-session-utils				install
x11-utils					install
x11-xkb-utils					install
x11-xserver-utils				install
xauth						install
xbitmaps					install
xbrlapi						install
xcursor-themes					install
xcvt						install
xdg-dbus-proxy					install
xdg-desktop-portal				install
xdg-desktop-portal-gnome			install
xdg-desktop-portal-gtk				install
xdg-user-dirs					install
xdg-user-dirs-gtk				install
xdg-utils					install
xfburn						install
xfce4						install
xfce4-appfinder					install
xfce4-battery-plugin:arm64			install
xfce4-clipman					install
xfce4-clipman-plugin				install
xfce4-cpufreq-plugin:arm64			install
xfce4-cpugraph-plugin:arm64			install
xfce4-dict					install
xfce4-diskperf-plugin:arm64			install
xfce4-fsguard-plugin:arm64			install
xfce4-genmon-plugin:arm64			install
xfce4-goodies:arm64				install
xfce4-helpers					install
xfce4-mailwatch-plugin				install
xfce4-netload-plugin:arm64			install
xfce4-notifyd					install
xfce4-panel					install
xfce4-places-plugin:arm64			install
xfce4-power-manager				install
xfce4-power-manager-data			install
xfce4-power-manager-plugins			install
xfce4-pulseaudio-plugin:arm64			install
xfce4-screenshooter				install
xfce4-sensors-plugin				install
xfce4-session					install
xfce4-settings					install
xfce4-smartbookmark-plugin:arm64		install
xfce4-systemload-plugin:arm64			install
xfce4-taskmanager				install
xfce4-terminal					install
xfce4-timer-plugin:arm64			install
xfce4-verve-plugin:arm64			install
xfce4-wavelan-plugin:arm64			install
xfce4-weather-plugin:arm64			install
xfce4-whiskermenu-plugin			install
xfce4-xkb-plugin:arm64				install
xfconf						install
xfdesktop4					install
xfdesktop4-data					install
xfonts-base					install
xfonts-encodings				install
xfonts-scalable					install
xfonts-utils					install
xfwm4						install
xiccd						install
xinit						install
xinput						install
xkb-data					install
xml-core					install
xorg						install
xorg-docs-core					install
xorgxrdp					install
xrdp						install
xserver-common					install
xserver-xephyr					install
xserver-xorg					install
xserver-xorg-core				install
xserver-xorg-input-all				install
xserver-xorg-input-libinput			install
xserver-xorg-input-wacom			install
xserver-xorg-legacy				install
xserver-xorg-video-all				install
xserver-xorg-video-amdgpu			install
xserver-xorg-video-ati				install
xserver-xorg-video-fbdev			install
xserver-xorg-video-nouveau			install
xserver-xorg-video-radeon			install
xserver-xorg-video-vesa				install
xwayland					install
xxd						install
xz-utils					install
yaru-theme-gnome-shell				install
yaru-theme-gtk					install
yaru-theme-icon					install
yaru-theme-sound				install
yelp						install
yelp-xsl					install
zenity						install
zenity-common					install
zerotier-one					install
zip						install
zlib1g:arm64					install
zlib1g-dev:arm64				install
zstd						install
